<?xml version="1.0" encoding="UTF-8"?>
<!-- Generated by org.testng.reporters.JUnitXMLReporter -->
<testsuite hostname="LAPTOP-FUPUGUVK" ignored="1" name="Default test" tests="1" failures="0" timestamp="08 May 2020 14:48:29 GMT" time="15.441" errors="0">
  <testcase name="validLoginTest" time="2.289" classname="com.training.sanity.tests.LoginTests"/>
  <testcase name="StudentRegister" time="0.0" classname="com.training.sanity.tests.LoginTests">
    <ignored/>
  </testcase> <!-- StudentRegister -->
</testsuite> <!-- Default test -->
